[TEST] Fetching analysis from backend: http://127.0.0.1:8001/api/v1/backtest/strategy-analysis?symbol=SQDUSDT&period=1w&interval=1h
[TEST] Received analysis keys: ['best_engine', 'volatility', 'max_target_profit', 'risk_management', 'engine_results', 'symbol', 'period']
[FATAL] StrategyAnalysisDialog.__init__() missing 1 required positional argument: 'analysis_data'
Traceback (most recent call last):
  File "C:\Users\User\new\yona_vanguard_futures\scripts\capture_gui_and_screenshots.py", line 53, in main
    dialog = StrategyAnalysisDialog(None)
TypeError: StrategyAnalysisDialog.__init__() missing 1 required positional argument: 'analysis_data'

[TEST] Fetching analysis from backend: http://127.0.0.1:8001/api/v1/backtest/strategy-analysis?symbol=SQDUSDT&period=1w&interval=1h
[TEST] Received analysis keys: ['best_engine', 'volatility', 'max_target_profit', 'risk_management', 'engine_results', 'symbol', 'period']
[OK] Dialog screenshot saved: C:\Users\User\new\yona_vanguard_futures\scripts\dialog_screenshot.png
[TEST] Simulating Assign (alpha)
[TEST] dialog._on_engine_assigned called -> alpha
[ERROR] Engine widget flow failed: TradingEngineWidget.__init__() missing 1 required positional argument: 'engine_color'
Traceback (most recent call last):
  File "C:\Users\User\new\yona_vanguard_futures\scripts\capture_gui_and_screenshots.py", line 96, in main
    engine_widget = TradingEngineWidget(engine_name)
TypeError: TradingEngineWidget.__init__() missing 1 required positional argument: 'engine_color'

[TEST] Fetching analysis from backend: http://127.0.0.1:8001/api/v1/backtest/strategy-analysis?symbol=SQDUSDT&period=1w&interval=1h
[TEST] Received analysis keys: ['best_engine', 'volatility', 'max_target_profit', 'risk_management', 'engine_results', 'symbol', 'period']
[OK] Dialog screenshot saved: C:\Users\User\new\yona_vanguard_futures\scripts\dialog_screenshot.png
[TEST] Simulating Assign (alpha)
[TEST] dialog._on_engine_assigned called -> alpha
[TEST] engine=alpha has executable_parameters? True  sample: [('fast_ema_period', 9), ('slow_ema_period', 21), ('stop_loss_pct', 0.005), ('symbol', 'SQDUSDT'), ('interval', '1h')]
[OK] Engine screenshot saved: C:\Users\User\new\yona_vanguard_futures\scripts\engine_screenshot.png
[MAIN] âœ… ì „ëµ ë¶„ì„ ì™„ë£Œ
[Alpha] ğŸ”§ executable_parameters: {"fast_ema_period": 9, "slow_ema_period": 21, "stop_loss_pct": 0.005, "symbol": "SQDUSDT", "interval": "1h", "leverage": 1, "position_size": 0.02, "take_profit_pct": 0.0, "trailing_stop_pct": 0.0, "fee_pct": 0.001, "slippage_pct": 0.001, "no_compounding": true}
[Alpha] âœ… ì „ëµ ì—…ë°ì´íŠ¸ ì™„ë£Œ
[TEST] Fetching analysis from backend: http://127.0.0.1:8001/api/v1/backtest/strategy-analysis?symbol=SQDUSDT&period=1w&interval=1h
[FATAL] HTTPConnectionPool(host='127.0.0.1', port=8001): Max retries exceeded with url: /api/v1/backtest/strategy-analysis?symbol=SQDUSDT&period=1w&interval=1h (Caused by NewConnectionError('<urllib3.connection.HTTPConnection object at 0x0000020D8C249C00>: Failed to establish a new connection: [WinError 10061] ëŒ€ìƒ ì»´í“¨í„°ì—ì„œ ì—°ê²°ì„ ê±°ë¶€í–ˆìœ¼ë¯€ë¡œ ì—°ê²°í•˜ì§€ ëª»í–ˆìŠµë‹ˆë‹¤'))
Traceback (most recent call last):
  File "C:\Users\User\AppData\Roaming\Python\Python310\site-packages\urllib3\connection.py", line 198, in _new_conn
    sock = connection.create_connection(
  File "C:\Users\User\AppData\Roaming\Python\Python310\site-packages\urllib3\util\connection.py", line 85, in create_connection
    raise err
  File "C:\Users\User\AppData\Roaming\Python\Python310\site-packages\urllib3\util\connection.py", line 73, in create_connection
    sock.connect(sa)
ConnectionRefusedError: [WinError 10061] ëŒ€ìƒ ì»´í“¨í„°ì—ì„œ ì—°ê²°ì„ ê±°ë¶€í–ˆìœ¼ë¯€ë¡œ ì—°ê²°í•˜ì§€ ëª»í–ˆìŠµë‹ˆë‹¤

The above exception was the direct cause of the following exception:

Traceback (most recent call last):
  File "C:\Users\User\AppData\Roaming\Python\Python310\site-packages\urllib3\connectionpool.py", line 787, in urlopen
    response = self._make_request(
  File "C:\Users\User\AppData\Roaming\Python\Python310\site-packages\urllib3\connectionpool.py", line 493, in _make_request
    conn.request(
  File "C:\Users\User\AppData\Roaming\Python\Python310\site-packages\urllib3\connection.py", line 494, in request
    self.endheaders()
  File "C:\Program Files\Python310\lib\http\client.py", line 1278, in endheaders
    self._send_output(message_body, encode_chunked=encode_chunked)
  File "C:\Program Files\Python310\lib\http\client.py", line 1038, in _send_output
    self.send(msg)
  File "C:\Program Files\Python310\lib\http\client.py", line 976, in send
    self.connect()
  File "C:\Users\User\AppData\Roaming\Python\Python310\site-packages\urllib3\connection.py", line 325, in connect
    self.sock = self._new_conn()
  File "C:\Users\User\AppData\Roaming\Python\Python310\site-packages\urllib3\connection.py", line 213, in _new_conn
    raise NewConnectionError(
urllib3.exceptions.NewConnectionError: <urllib3.connection.HTTPConnection object at 0x0000020D8C249C00>: Failed to establish a new connection: [WinError 10061] ëŒ€ìƒ ì»´í“¨í„°ì—ì„œ ì—°ê²°ì„ ê±°ë¶€í–ˆìœ¼ë¯€ë¡œ ì—°ê²°í•˜ì§€ ëª»í–ˆìŠµë‹ˆë‹¤

The above exception was the direct cause of the following exception:

Traceback (most recent call last):
  File "C:\Users\User\AppData\Roaming\Python\Python310\site-packages\requests\adapters.py", line 667, in send
    resp = conn.urlopen(
  File "C:\Users\User\AppData\Roaming\Python\Python310\site-packages\urllib3\connectionpool.py", line 841, in urlopen
    retries = retries.increment(
  File "C:\Users\User\AppData\Roaming\Python\Python310\site-packages\urllib3\util\retry.py", line 519, in increment
    raise MaxRetryError(_pool, url, reason) from reason  # type: ignore[arg-type]
urllib3.exceptions.MaxRetryError: HTTPConnectionPool(host='127.0.0.1', port=8001): Max retries exceeded with url: /api/v1/backtest/strategy-analysis?symbol=SQDUSDT&period=1w&interval=1h (Caused by NewConnectionError('<urllib3.connection.HTTPConnection object at 0x0000020D8C249C00>: Failed to establish a new connection: [WinError 10061] ëŒ€ìƒ ì»´í“¨í„°ì—ì„œ ì—°ê²°ì„ ê±°ë¶€í–ˆìœ¼ë¯€ë¡œ ì—°ê²°í•˜ì§€ ëª»í–ˆìŠµë‹ˆë‹¤'))

During handling of the above exception, another exception occurred:

Traceback (most recent call last):
  File "C:\Users\User\new\yona_vanguard_futures\scripts\capture_gui_and_screenshots.py", line 37, in main
    resp = requests.get(url, timeout=30)
  File "C:\Users\User\AppData\Roaming\Python\Python310\site-packages\requests\api.py", line 73, in get
    return request("get", url, params=params, **kwargs)
  File "C:\Users\User\AppData\Roaming\Python\Python310\site-packages\requests\api.py", line 59, in request
    return session.request(method=method, url=url, **kwargs)
  File "C:\Users\User\AppData\Roaming\Python\Python310\site-packages\requests\sessions.py", line 589, in request
    resp = self.send(prep, **send_kwargs)
  File "C:\Users\User\AppData\Roaming\Python\Python310\site-packages\requests\sessions.py", line 703, in send
    r = adapter.send(request, **kwargs)
  File "C:\Users\User\AppData\Roaming\Python\Python310\site-packages\requests\adapters.py", line 700, in send
    raise ConnectionError(e, request=request)
requests.exceptions.ConnectionError: HTTPConnectionPool(host='127.0.0.1', port=8001): Max retries exceeded with url: /api/v1/backtest/strategy-analysis?symbol=SQDUSDT&period=1w&interval=1h (Caused by NewConnectionError('<urllib3.connection.HTTPConnection object at 0x0000020D8C249C00>: Failed to establish a new connection: [WinError 10061] ëŒ€ìƒ ì»´í“¨í„°ì—ì„œ ì—°ê²°ì„ ê±°ë¶€í–ˆìœ¼ë¯€ë¡œ ì—°ê²°í•˜ì§€ ëª»í–ˆìŠµë‹ˆë‹¤'))

[TEST] Fetching analysis from backend: http://127.0.0.1:8001/api/v1/backtest/strategy-analysis?symbol=SQDUSDT&period=1w&interval=1h
[TEST] Received analysis keys: ['best_engine', 'volatility', 'max_target_profit', 'risk_management', 'engine_results', 'symbol', 'period']
[OK] Dialog screenshot saved: C:\Users\User\new\yona_vanguard_futures\scripts\dialog_screenshot.png
[TEST] Simulating Assign (alpha)
[TEST] dialog._on_engine_assigned called -> alpha
[TEST] engine=alpha has executable_parameters? True  sample: [('fast_ema_period', 9), ('slow_ema_period', 21), ('stop_loss_pct', 0.005), ('symbol', 'SQDUSDT'), ('interval', '1h')]
[OK] Engine screenshot saved: C:\Users\User\new\yona_vanguard_futures\scripts\engine_screenshot.png
[MAIN] âœ… ì „ëµ ë¶„ì„ ì™„ë£Œ
[Alpha] ğŸ”§ executable_parameters: {"fast_ema_period": 9, "slow_ema_period": 21, "stop_loss_pct": 0.005, "symbol": "SQDUSDT", "interval": "1h", "leverage": 1, "position_size": 0.02, "take_profit_pct": 0.0, "trailing_stop_pct": 0.0, "fee_pct": 0.001, "slippage_pct": 0.001, "no_compounding": true}
[Alpha] âœ… ì „ëµ ì—…ë°ì´íŠ¸ ì™„ë£Œ
[TEST] Fetching analysis from backend: http://127.0.0.1:8001/api/v1/backtest/strategy-analysis?symbol=SQDUSDT&period=1w&interval=1h
[FATAL] HTTPConnectionPool(host='127.0.0.1', port=8001): Max retries exceeded with url: /api/v1/backtest/strategy-analysis?symbol=SQDUSDT&period=1w&interval=1h (Caused by NewConnectionError('<urllib3.connection.HTTPConnection object at 0x00000256083B9C90>: Failed to establish a new connection: [WinError 10061] ëŒ€ìƒ ì»´í“¨í„°ì—ì„œ ì—°ê²°ì„ ê±°ë¶€í–ˆìœ¼ë¯€ë¡œ ì—°ê²°í•˜ì§€ ëª»í–ˆìŠµë‹ˆë‹¤'))
Traceback (most recent call last):
  File "C:\Users\User\AppData\Roaming\Python\Python310\site-packages\urllib3\connection.py", line 198, in _new_conn
    sock = connection.create_connection(
  File "C:\Users\User\AppData\Roaming\Python\Python310\site-packages\urllib3\util\connection.py", line 85, in create_connection
    raise err
  File "C:\Users\User\AppData\Roaming\Python\Python310\site-packages\urllib3\util\connection.py", line 73, in create_connection
    sock.connect(sa)
ConnectionRefusedError: [WinError 10061] ëŒ€ìƒ ì»´í“¨í„°ì—ì„œ ì—°ê²°ì„ ê±°ë¶€í–ˆìœ¼ë¯€ë¡œ ì—°ê²°í•˜ì§€ ëª»í–ˆìŠµë‹ˆë‹¤

The above exception was the direct cause of the following exception:

Traceback (most recent call last):
  File "C:\Users\User\AppData\Roaming\Python\Python310\site-packages\urllib3\connectionpool.py", line 787, in urlopen
    response = self._make_request(
  File "C:\Users\User\AppData\Roaming\Python\Python310\site-packages\urllib3\connectionpool.py", line 493, in _make_request
    conn.request(
  File "C:\Users\User\AppData\Roaming\Python\Python310\site-packages\urllib3\connection.py", line 494, in request
    self.endheaders()
  File "C:\Program Files\Python310\lib\http\client.py", line 1278, in endheaders
    self._send_output(message_body, encode_chunked=encode_chunked)
  File "C:\Program Files\Python310\lib\http\client.py", line 1038, in _send_output
    self.send(msg)
  File "C:\Program Files\Python310\lib\http\client.py", line 976, in send
    self.connect()
  File "C:\Users\User\AppData\Roaming\Python\Python310\site-packages\urllib3\connection.py", line 325, in connect
    self.sock = self._new_conn()
  File "C:\Users\User\AppData\Roaming\Python\Python310\site-packages\urllib3\connection.py", line 213, in _new_conn
    raise NewConnectionError(
urllib3.exceptions.NewConnectionError: <urllib3.connection.HTTPConnection object at 0x00000256083B9C90>: Failed to establish a new connection: [WinError 10061] ëŒ€ìƒ ì»´í“¨í„°ì—ì„œ ì—°ê²°ì„ ê±°ë¶€í–ˆìœ¼ë¯€ë¡œ ì—°ê²°í•˜ì§€ ëª»í–ˆìŠµë‹ˆë‹¤

The above exception was the direct cause of the following exception:

Traceback (most recent call last):
  File "C:\Users\User\AppData\Roaming\Python\Python310\site-packages\requests\adapters.py", line 667, in send
    resp = conn.urlopen(
  File "C:\Users\User\AppData\Roaming\Python\Python310\site-packages\urllib3\connectionpool.py", line 841, in urlopen
    retries = retries.increment(
  File "C:\Users\User\AppData\Roaming\Python\Python310\site-packages\urllib3\util\retry.py", line 519, in increment
    raise MaxRetryError(_pool, url, reason) from reason  # type: ignore[arg-type]
urllib3.exceptions.MaxRetryError: HTTPConnectionPool(host='127.0.0.1', port=8001): Max retries exceeded with url: /api/v1/backtest/strategy-analysis?symbol=SQDUSDT&period=1w&interval=1h (Caused by NewConnectionError('<urllib3.connection.HTTPConnection object at 0x00000256083B9C90>: Failed to establish a new connection: [WinError 10061] ëŒ€ìƒ ì»´í“¨í„°ì—ì„œ ì—°ê²°ì„ ê±°ë¶€í–ˆìœ¼ë¯€ë¡œ ì—°ê²°í•˜ì§€ ëª»í–ˆìŠµë‹ˆë‹¤'))

During handling of the above exception, another exception occurred:

Traceback (most recent call last):
  File "C:\Users\User\new\yona_vanguard_futures\scripts\capture_gui_and_screenshots.py", line 37, in main
    resp = requests.get(url, timeout=30)
  File "C:\Users\User\AppData\Roaming\Python\Python310\site-packages\requests\api.py", line 73, in get
    return request("get", url, params=params, **kwargs)
  File "C:\Users\User\AppData\Roaming\Python\Python310\site-packages\requests\api.py", line 59, in request
    return session.request(method=method, url=url, **kwargs)
  File "C:\Users\User\AppData\Roaming\Python\Python310\site-packages\requests\sessions.py", line 589, in request
    resp = self.send(prep, **send_kwargs)
  File "C:\Users\User\AppData\Roaming\Python\Python310\site-packages\requests\sessions.py", line 703, in send
    r = adapter.send(request, **kwargs)
  File "C:\Users\User\AppData\Roaming\Python\Python310\site-packages\requests\adapters.py", line 700, in send
    raise ConnectionError(e, request=request)
requests.exceptions.ConnectionError: HTTPConnectionPool(host='127.0.0.1', port=8001): Max retries exceeded with url: /api/v1/backtest/strategy-analysis?symbol=SQDUSDT&period=1w&interval=1h (Caused by NewConnectionError('<urllib3.connection.HTTPConnection object at 0x00000256083B9C90>: Failed to establish a new connection: [WinError 10061] ëŒ€ìƒ ì»´í“¨í„°ì—ì„œ ì—°ê²°ì„ ê±°ë¶€í–ˆìœ¼ë¯€ë¡œ ì—°ê²°í•˜ì§€ ëª»í–ˆìŠµë‹ˆë‹¤'))

