================================================================================
GUI + Backend 통합 테스트
================================================================================

[1/4] GUI 위젯 import 확인
✅ MiddleSessionWidget import 성공

[2/4] NewModular 위젯 생성 확인
❌ 위젯 생성 실패: NewModular 엔진 없음
assert False
 +  where False = hasattr(<gui.widgets.footer_engines_widget.MiddleSessionWidget(0x2820dd44af0) at 0x000002820F97C180>, 'newmodular_engine')
python : Could not parse stylesheet of object QTabWidget(0x2820e17e5b0)
At line:1 char:22
+ $env:PYTHONPATH='.'; python -m pytest -q 2>&1 | Out-File -FilePath .\ ...
+                      ~~~~~~~~~~~~~~~~~~~~~~~~
    + CategoryInfo          : NotSpecified: (Could not parse...(0x2820e17e5b0):String) [], RemoteExceptio 
   n
    + FullyQualifiedErrorId : NativeCommandError
 
Could not parse stylesheet of object QTabWidget(0x2820e17e5b0)
Could not parse stylesheet of object QTabWidget(0x2820e082a80)
Could not parse stylesheet of object QTabWidget(0x2820e082a80)
Could not parse stylesheet of object QTabWidget(0x2820e285bc0)
Could not parse stylesheet of object QTabWidget(0x2820e285bc0)
Traceback (most recent call last):
  File "C:\Users\User\new\yona_vanguard_futures\test_gui_integration.py", line 40, in <module>
    assert hasattr(widget, 'newmodular_engine'), "NewModular 엔진 없음"
AssertionError: NewModular 엔진 없음
assert False
 +  where False = hasattr(<gui.widgets.footer_engines_widget.MiddleSessionWidget(0x2820dd44af0) at 0x00000
2820F97C180>, 'newmodular_engine')
mainloop: caught unexpected SystemExit!
INTERNALERROR> Traceback (most recent call last):
INTERNALERROR>   File "C:\Users\User\new\yona_vanguard_futures\test_gui_integration.py", line 40, in <module>
INTERNALERROR>     assert hasattr(widget, 'newmodular_engine'), "NewModular 엔진 없음"
INTERNALERROR> AssertionError: NewModular 엔진 없음
INTERNALERROR> assert False
INTERNALERROR>  +  where False = hasattr(<gui.widgets.footer_engines_widget.MiddleSessionWidget(0x2820dd44af0) at 0x000002820F97C180>, 'newmodular_engine')
INTERNALERROR> 
INTERNALERROR> During handling of the above exception, another exception occurred:
INTERNALERROR> 
INTERNALERROR> Traceback (most recent call last):
INTERNALERROR>   File "C:\Users\User\AppData\Roaming\Python\Python310\site-packages\_pytest\main.py", line 289, in wrap_session
INTERNALERROR>     session.exitstatus = doit(config, session) or 0
INTERNALERROR>   File "C:\Users\User\AppData\Roaming\Python\Python310\site-packages\_pytest\main.py", line 342, in _main
INTERNALERROR>     config.hook.pytest_collection(session=session)
INTERNALERROR>   File "C:\Users\User\AppData\Roaming\Python\Python310\site-packages\pluggy\_hooks.py", line 512, in __call__
INTERNALERROR>     return self._hookexec(self.name, self._hookimpls.copy(), kwargs, firstresult)
INTERNALERROR>   File "C:\Users\User\AppData\Roaming\Python\Python310\site-packages\pluggy\_manager.py", line 120, in _hookexec
INTERNALERROR>     return self._inner_hookexec(hook_name, methods, kwargs, firstresult)
INTERNALERROR>   File "C:\Users\User\AppData\Roaming\Python\Python310\site-packages\pluggy\_callers.py", line 167, in _multicall
INTERNALERROR>     raise exception
INTERNALERROR>   File "C:\Users\User\AppData\Roaming\Python\Python310\site-packages\pluggy\_callers.py", line 139, in _multicall
INTERNALERROR>     teardown.throw(exception)
INTERNALERROR>   File "C:\Users\User\AppData\Roaming\Python\Python310\site-packages\_pytest\logging.py", line 788, in pytest_collection
INTERNALERROR>     return (yield)
INTERNALERROR>   File "C:\Users\User\AppData\Roaming\Python\Python310\site-packages\pluggy\_callers.py", line 139, in _multicall
INTERNALERROR>     teardown.throw(exception)
INTERNALERROR>   File "C:\Users\User\AppData\Roaming\Python\Python310\site-packages\_pytest\warnings.py", line 99, in pytest_collection
INTERNALERROR>     return (yield)
INTERNALERROR>   File "C:\Users\User\AppData\Roaming\Python\Python310\site-packages\pluggy\_callers.py", line 139, in _multicall
INTERNALERROR>     teardown.throw(exception)
INTERNALERROR>   File "C:\Users\User\AppData\Roaming\Python\Python310\site-packages\_pytest\config\__init__.py", line 1450, in pytest_collection
INTERNALERROR>     return (yield)
INTERNALERROR>   File "C:\Users\User\AppData\Roaming\Python\Python310\site-packages\pluggy\_callers.py", line 121, in _multicall
INTERNALERROR>     res = hook_impl.function(*args)
INTERNALERROR>   File "C:\Users\User\AppData\Roaming\Python\Python310\site-packages\_pytest\main.py", line 353, in pytest_collection
INTERNALERROR>     session.perform_collect()
INTERNALERROR>   File "C:\Users\User\AppData\Roaming\Python\Python310\site-packages\_pytest\main.py", line 813, in perform_collect
INTERNALERROR>     self.items.extend(self.genitems(node))
INTERNALERROR>   File "C:\Users\User\AppData\Roaming\Python\Python310\site-packages\_pytest\main.py", line 979, in genitems
INTERNALERROR>     yield from self.genitems(subnode)
INTERNALERROR>   File "C:\Users\User\AppData\Roaming\Python\Python310\site-packages\_pytest\main.py", line 974, in genitems
INTERNALERROR>     rep, duplicate = self._collect_one_node(node, handle_dupes)
INTERNALERROR>   File "C:\Users\User\AppData\Roaming\Python\Python310\site-packages\_pytest\main.py", line 839, in _collect_one_node
INTERNALERROR>     rep = collect_one_node(node)
INTERNALERROR>   File "C:\Users\User\AppData\Roaming\Python\Python310\site-packages\_pytest\runner.py", line 567, in collect_one_node
INTERNALERROR>     rep: CollectReport = ihook.pytest_make_collect_report(collector=collector)
INTERNALERROR>   File "C:\Users\User\AppData\Roaming\Python\Python310\site-packages\pluggy\_hooks.py", line 512, in __call__
INTERNALERROR>     return self._hookexec(self.name, self._hookimpls.copy(), kwargs, firstresult)
INTERNALERROR>   File "C:\Users\User\AppData\Roaming\Python\Python310\site-packages\pluggy\_manager.py", line 120, in _hookexec
INTERNALERROR>     return self._inner_hookexec(hook_name, methods, kwargs, firstresult)
INTERNALERROR>   File "C:\Users\User\AppData\Roaming\Python\Python310\site-packages\pluggy\_callers.py", line 167, in _multicall
INTERNALERROR>     raise exception
INTERNALERROR>   File "C:\Users\User\AppData\Roaming\Python\Python310\site-packages\pluggy\_callers.py", line 139, in _multicall
INTERNALERROR>     teardown.throw(exception)
INTERNALERROR>   File "C:\Users\User\AppData\Roaming\Python\Python310\site-packages\_pytest\capture.py", line 880, in pytest_make_collect_report
INTERNALERROR>     rep = yield
INTERNALERROR>   File "C:\Users\User\AppData\Roaming\Python\Python310\site-packages\pluggy\_callers.py", line 121, in _multicall
INTERNALERROR>     res = hook_impl.function(*args)
INTERNALERROR>   File "C:\Users\User\AppData\Roaming\Python\Python310\site-packages\_pytest\runner.py", line 391, in pytest_make_collect_report
INTERNALERROR>     call = CallInfo.from_call(
INTERNALERROR>   File "C:\Users\User\AppData\Roaming\Python\Python310\site-packages\_pytest\runner.py", line 344, in from_call
INTERNALERROR>     result: TResult | None = func()
INTERNALERROR>   File "C:\Users\User\AppData\Roaming\Python\Python310\site-packages\_pytest\runner.py", line 389, in collect
INTERNALERROR>     return list(collector.collect())
INTERNALERROR>   File "C:\Users\User\AppData\Roaming\Python\Python310\site-packages\_pytest\python.py", line 554, in collect
INTERNALERROR>     self._register_setup_module_fixture()
INTERNALERROR>   File "C:\Users\User\AppData\Roaming\Python\Python310\site-packages\_pytest\python.py", line 567, in _register_setup_module_fixture
INTERNALERROR>     self.obj, ("setUpModule", "setup_module")
INTERNALERROR>   File "C:\Users\User\AppData\Roaming\Python\Python310\site-packages\_pytest\python.py", line 280, in obj
INTERNALERROR>     self._obj = obj = self._getobj()
INTERNALERROR>   File "C:\Users\User\AppData\Roaming\Python\Python310\site-packages\_pytest\python.py", line 551, in _getobj
INTERNALERROR>     return importtestmodule(self.path, self.config)
INTERNALERROR>   File "C:\Users\User\AppData\Roaming\Python\Python310\site-packages\_pytest\python.py", line 498, in importtestmodule
INTERNALERROR>     mod = import_path(
INTERNALERROR>   File "C:\Users\User\AppData\Roaming\Python\Python310\site-packages\_pytest\pathlib.py", line 587, in import_path
INTERNALERROR>     importlib.import_module(module_name)
INTERNALERROR>   File "C:\Program Files\Python310\lib\importlib\__init__.py", line 126, in import_module
INTERNALERROR>     return _bootstrap._gcd_import(name[level:], package, level)
INTERNALERROR>   File "<frozen importlib._bootstrap>", line 1050, in _gcd_import
INTERNALERROR>   File "<frozen importlib._bootstrap>", line 1027, in _find_and_load
INTERNALERROR>   File "<frozen importlib._bootstrap>", line 1006, in _find_and_load_unlocked
INTERNALERROR>   File "<frozen importlib._bootstrap>", line 688, in _load_unlocked
INTERNALERROR>   File "C:\Users\User\AppData\Roaming\Python\Python310\site-packages\_pytest\assertion\rewrite.py", line 186, in exec_module
INTERNALERROR>     exec(co, module.__dict__)
INTERNALERROR>   File "C:\Users\User\new\yona_vanguard_futures\test_gui_integration.py", line 52, in <module>
INTERNALERROR>     sys.exit(1)
INTERNALERROR> SystemExit: 1

9 warnings, 2 errors in 12.43s
